<?xml version="1.0" encoding="UTF-8"?>
<Site BuildName="(empty)"
	BuildStamp="20241002-0037-Experimental"
	Name="righttr"
	Generator="ctest-3.16.3"
	CompilerName="/usr/bin/c++"
	CompilerVersion="9.4.0"
	OSName="Linux"
	Hostname="righttr"
	OSRelease="5.15.0-122-generic"
	OSVersion="#132~20.04.1-Ubuntu SMP Fri Aug 30 15:50:07 UTC 2024"
	OSPlatform="x86_64"
	Is64Bits="1"
	VendorString="GenuineIntel"
	VendorID="Intel Corporation"
	FamilyID="6"
	ModelID="183"
	ProcessorCacheSize="36864"
	NumberOfLogicalCPU="32"
	NumberOfPhysicalCPU="24"
	TotalVirtualMemory="10239"
	TotalPhysicalMemory="15789"
	LogicalProcessorsPerPhysical="1"
	ProcessorClockFrequency="2400"
	>
	<Testing>
		<StartDateTime>Oct 02 11:20 CST</StartDateTime>
		<StartTestTime>1727839255</StartTestTime>
		<TestList/>
		<EndDateTime>Oct 02 11:20 CST</EndDateTime>
		<EndTestTime>1727839255</EndTestTime>
		<ElapsedMinutes>0</ElapsedMinutes>
	</Testing>
</Site>
